生成启动时间为 2015/6/20 0:53:27。
     1>项目“F:\Code\VS\SampleHttpServer\NetworkHomework\NetworkHomework.vcxproj”在节点 2 上(Build 个目标)。
     1>ClCompile:
         D:\Program Files (x86)\Microsoft Visual Studio 12.0\VC\bin\CL.exe /c /ZI /nologo /W3 /WX- /sdl /Od /Oy- /D WIN32 /D _DEBUG /D _CONSOLE /D _LIB /D _UNICODE /D UNICODE /Gm /EHsc /RTC1 /MDd /GS /fp:precise /Zc:wchar_t /Zc:forScope /Yc"stdafx.h" /Fp"Debug\NetworkHomework.pch" /Fo"Debug\\" /Fd"Debug\vc120.pdb" /Gd /TP /analyze- /errorReport:prompt stdafx.cpp
         stdafx.cpp
         D:\Program Files (x86)\Microsoft Visual Studio 12.0\VC\bin\CL.exe /c /ZI /nologo /W3 /WX- /sdl /Od /Oy- /D WIN32 /D _DEBUG /D _CONSOLE /D _LIB /D _UNICODE /D UNICODE /Gm /EHsc /RTC1 /MDd /GS /fp:precise /Zc:wchar_t /Zc:forScope /Yu"stdafx.h" /Fp"Debug\NetworkHomework.pch" /Fo"Debug\\" /Fd"Debug\vc120.pdb" /Gd /TP /analyze- /errorReport:prompt function.cpp http.cpp mime.cpp NetworkHomework.cpp
         NetworkHomework.cpp
         mime.cpp
         http.cpp
         function.cpp
     1>f:\code\vs\samplehttpserver\networkhomework\function.cpp(44): warning C4244: “参数”: 从“std::streamoff”转换到“size_t”，可能丢失数据
     1>f:\code\vs\samplehttpserver\networkhomework\function.cpp(45): warning C4244: “参数”: 从“std::streamoff”转换到“size_t”，可能丢失数据
     1>f:\code\vs\samplehttpserver\networkhomework\function.cpp(46): warning C4244: “参数”: 从“std::streamoff”转换到“size_t”，可能丢失数据
         正在生成代码...
       Link:
         D:\Program Files (x86)\Microsoft Visual Studio 12.0\VC\bin\link.exe /ERRORREPORT:PROMPT /OUT:"F:\Code\VS\SampleHttpServer\Debug\NetworkHomework.exe" /INCREMENTAL /NOLOGO kernel32.lib user32.lib gdi32.lib winspool.lib comdlg32.lib advapi32.lib shell32.lib ole32.lib oleaut32.lib uuid.lib odbc32.lib odbccp32.lib /MANIFEST /MANIFESTUAC:"level='asInvoker' uiAccess='false'" /manifest:embed /DEBUG /PDB:"F:\Code\VS\SampleHttpServer\Debug\NetworkHomework.pdb" /SUBSYSTEM:CONSOLE /TLBID:1 /DYNAMICBASE /NXCOMPAT /IMPLIB:"F:\Code\VS\SampleHttpServer\Debug\NetworkHomework.lib" /MACHINE:X86 Debug\function.obj
         Debug\http.obj
         Debug\mime.obj
         Debug\NetworkHomework.obj
         Debug\stdafx.obj
         NetworkHomework.vcxproj -> F:\Code\VS\SampleHttpServer\Debug\NetworkHomework.exe
     1>已完成生成项目“F:\Code\VS\SampleHttpServer\NetworkHomework\NetworkHomework.vcxproj”(Build 个目标)的操作。

生成成功。

已用时间 00:00:06.87
