d:\code\networkhomework\networkhomework\debug\networkhomework.pch
d:\code\networkhomework\networkhomework\debug\vc120.pdb
d:\code\networkhomework\networkhomework\debug\vc120.idb
d:\code\networkhomework\networkhomework\debug\stdafx.obj
d:\code\networkhomework\networkhomework\debug\networkhomework.obj
d:\code\networkhomework\networkhomework\debug\function.obj
d:\code\networkhomework\networkhomework\debug\http.obj
d:\code\networkhomework\networkhomework\debug\mime.obj
d:\code\networkhomework\debug\networkhomework.ilk
d:\code\networkhomework\debug\networkhomework.exe
d:\code\networkhomework\debug\networkhomework.pdb
d:\code\networkhomework\networkhomework\debug\networkhomework.tlog\cl.command.1.tlog
d:\code\networkhomework\networkhomework\debug\networkhomework.tlog\cl.read.1.tlog
d:\code\networkhomework\networkhomework\debug\networkhomework.tlog\cl.write.1.tlog
d:\code\networkhomework\networkhomework\debug\networkhomework.tlog\link-cvtres.read.1.tlog
d:\code\networkhomework\networkhomework\debug\networkhomework.tlog\link-cvtres.write.1.tlog
d:\code\networkhomework\networkhomework\debug\networkhomework.tlog\link-rc.read.1.tlog
d:\code\networkhomework\networkhomework\debug\networkhomework.tlog\link-rc.write.1.tlog
d:\code\networkhomework\networkhomework\debug\networkhomework.tlog\link.12896-cvtres.read.1.tlog
d:\code\networkhomework\networkhomework\debug\networkhomework.tlog\link.12896-cvtres.write.1.tlog
d:\code\networkhomework\networkhomework\debug\networkhomework.tlog\link.12896-rc.read.1.tlog
d:\code\networkhomework\networkhomework\debug\networkhomework.tlog\link.12896-rc.write.1.tlog
d:\code\networkhomework\networkhomework\debug\networkhomework.tlog\link.12896.read.1.tlog
d:\code\networkhomework\networkhomework\debug\networkhomework.tlog\link.12896.write.1.tlog
d:\code\networkhomework\networkhomework\debug\networkhomework.tlog\link.command.1.tlog
d:\code\networkhomework\networkhomework\debug\networkhomework.tlog\link.read.1.tlog
d:\code\networkhomework\networkhomework\debug\networkhomework.tlog\link.write.1.tlog
